D:\DIRECTX SDK 2004\SAMPLES\C++\DIRECTSHOW\BASECLASSES\DEBUG_UNICODE\AMEXTRA.OBJ
D:\DIRECTX SDK 2004\SAMPLES\C++\DIRECTSHOW\BASECLASSES\DEBUG_UNICODE\AMFILTER.OBJ
D:\DIRECTX SDK 2004\SAMPLES\C++\DIRECTSHOW\BASECLASSES\DEBUG_UNICODE\AMVIDEO.OBJ
D:\DIRECTX SDK 2004\SAMPLES\C++\DIRECTSHOW\BASECLASSES\DEBUG_UNICODE\BASECLASSES.PCH
D:\Directx SDK 2004\Samples\C++\DirectShow\BaseClasses\Debug_Unicode\cl.command.1.tlog
D:\Directx SDK 2004\Samples\C++\DirectShow\BaseClasses\Debug_Unicode\CL.read.1.tlog
D:\Directx SDK 2004\Samples\C++\DirectShow\BaseClasses\Debug_Unicode\CL.write.1.tlog
D:\DIRECTX SDK 2004\SAMPLES\C++\DIRECTSHOW\BASECLASSES\DEBUG_UNICODE\COMBASE.OBJ
D:\DIRECTX SDK 2004\SAMPLES\C++\DIRECTSHOW\BASECLASSES\DEBUG_UNICODE\CPROP.OBJ
D:\DIRECTX SDK 2004\SAMPLES\C++\DIRECTSHOW\BASECLASSES\DEBUG_UNICODE\CTLUTIL.OBJ
D:\DIRECTX SDK 2004\SAMPLES\C++\DIRECTSHOW\BASECLASSES\DEBUG_UNICODE\DDMM.OBJ
D:\DIRECTX SDK 2004\SAMPLES\C++\DIRECTSHOW\BASECLASSES\DEBUG_UNICODE\DLLENTRY.OBJ
D:\DIRECTX SDK 2004\SAMPLES\C++\DIRECTSHOW\BASECLASSES\DEBUG_UNICODE\DLLSETUP.OBJ
D:\Directx SDK 2004\Samples\C++\DirectShow\BaseClasses\Debug_Unicode\lib.command.1.tlog
D:\Directx SDK 2004\Samples\C++\DirectShow\BaseClasses\Debug_Unicode\Lib-link.read.1.tlog
D:\Directx SDK 2004\Samples\C++\DirectShow\BaseClasses\Debug_Unicode\Lib-link.write.1.tlog
D:\DIRECTX SDK 2004\SAMPLES\C++\DIRECTSHOW\BASECLASSES\DEBUG_UNICODE\MTYPE.OBJ
D:\DIRECTX SDK 2004\SAMPLES\C++\DIRECTSHOW\BASECLASSES\DEBUG_UNICODE\OUTPUTQ.OBJ
D:\DIRECTX SDK 2004\SAMPLES\C++\DIRECTSHOW\BASECLASSES\DEBUG_UNICODE\PSTREAM.OBJ
D:\DIRECTX SDK 2004\SAMPLES\C++\DIRECTSHOW\BASECLASSES\DEBUG_UNICODE\PULLPIN.OBJ
D:\DIRECTX SDK 2004\SAMPLES\C++\DIRECTSHOW\BASECLASSES\DEBUG_UNICODE\REFCLOCK.OBJ
D:\DIRECTX SDK 2004\SAMPLES\C++\DIRECTSHOW\BASECLASSES\DEBUG_UNICODE\RENBASE.OBJ
D:\DIRECTX SDK 2004\SAMPLES\C++\DIRECTSHOW\BASECLASSES\DEBUG_UNICODE\SCHEDULE.OBJ
D:\DIRECTX SDK 2004\SAMPLES\C++\DIRECTSHOW\BASECLASSES\DEBUG_UNICODE\SEEKPT.OBJ
D:\DIRECTX SDK 2004\SAMPLES\C++\DIRECTSHOW\BASECLASSES\DEBUG_UNICODE\SOURCE.OBJ
D:\DIRECTX SDK 2004\SAMPLES\C++\DIRECTSHOW\BASECLASSES\DEBUG_UNICODE\STRMBASD.LIB
D:\DIRECTX SDK 2004\SAMPLES\C++\DIRECTSHOW\BASECLASSES\DEBUG_UNICODE\STRMCTL.OBJ
D:\DIRECTX SDK 2004\SAMPLES\C++\DIRECTSHOW\BASECLASSES\DEBUG_UNICODE\SYSCLOCK.OBJ
D:\DIRECTX SDK 2004\SAMPLES\C++\DIRECTSHOW\BASECLASSES\DEBUG_UNICODE\TRANSFRM.OBJ
D:\DIRECTX SDK 2004\SAMPLES\C++\DIRECTSHOW\BASECLASSES\DEBUG_UNICODE\TRANSIP.OBJ
D:\DIRECTX SDK 2004\SAMPLES\C++\DIRECTSHOW\BASECLASSES\DEBUG_UNICODE\VC100.PDB
D:\DIRECTX SDK 2004\SAMPLES\C++\DIRECTSHOW\BASECLASSES\DEBUG_UNICODE\VIDEOCTL.OBJ
D:\DIRECTX SDK 2004\SAMPLES\C++\DIRECTSHOW\BASECLASSES\DEBUG_UNICODE\VTRANS.OBJ
D:\DIRECTX SDK 2004\SAMPLES\C++\DIRECTSHOW\BASECLASSES\DEBUG_UNICODE\WINCTRL.OBJ
D:\DIRECTX SDK 2004\SAMPLES\C++\DIRECTSHOW\BASECLASSES\DEBUG_UNICODE\WINUTIL.OBJ
D:\DIRECTX SDK 2004\SAMPLES\C++\DIRECTSHOW\BASECLASSES\DEBUG_UNICODE\WXDEBUG.OBJ
D:\DIRECTX SDK 2004\SAMPLES\C++\DIRECTSHOW\BASECLASSES\DEBUG_UNICODE\WXLIST.OBJ
D:\DIRECTX SDK 2004\SAMPLES\C++\DIRECTSHOW\BASECLASSES\DEBUG_UNICODE\WXUTIL.OBJ
